---
python -u supervise.py --wait 5 --attempts 3 --check 10  -l 'bash -c "sleep 10 && exit 1"' &> 4.log
---
monitor options: {"check": 10, "attempts": 3, "log": true, "wait": 5}
Parse proc: ["bash", "-c", "sleep 10 && exit 1"]
start proc
sleep 10s before next check
poll: proc stopped with status code 1
retry 1/3
wait 5s before retry
poll: still running
sleep 10s before next check
poll: proc stopped with status code 1
retry 1/3
wait 5s before retry
poll: still running
sleep 10s before next check
poll: proc stopped with status code 1
retry 1/3
wait 5s before retry
poll: still running
sleep 10s before next check
poll: proc stopped with status code 1
retry 1/3
wait 5s before retry
poll: still running
sleep 10s before next check
poll: proc stopped with status code 1
retry 1/3
wait 5s before retry
poll: still running
sleep 10s before next check
poll: proc stopped with status code 1
retry 1/3
wait 5s before retry
poll: still running
sleep 10s before next check
poll: proc stopped with status code 1
retry 1/3
wait 5s before retry
poll: still running
sleep 10s before next check
poll: proc stopped with status code 1
retry 1/3
wait 5s before retry
poll: still running
sleep 10s before next check
poll: proc stopped with status code 1
retry 1/3
wait 5s before retry
poll: still running
sleep 10s before next check
poll: proc stopped with status code 1
retry 1/3
wait 5s before retry
poll: still running
sleep 10s before next check

Received interrupt via keyboard.  Shutting Down.
